<?xml version="1.0" encoding="UTF-8"?>
<!-- Generated by org.testng.reporters.JUnitXMLReporter -->
<testsuite hostname="shivanipanzade" failures="0" tests="3" name="Default test" time="0.085" errors="0" timestamp="19 Jun 2024 09:35:55 GMT">
  <testcase classname="Parameter.Depends_on_method" name="openBrowser" time="0.027"/>
  <testcase classname="Parameter.Depends_on_method" name="SignIn" time="0.007"/>
  <testcase classname="Parameter.Depends_on_method" name="LogOut" time="0.007"/>
</testsuite> <!-- Default test -->
