<?xml version="1.0" encoding="UTF-8"?>
<testng-results total="3" passed="3" failed="0" skipped="0">
  <reporter-output>
  </reporter-output>
  <suite started-at="2024-06-19T09:38:21Z" name="Suite" finished-at="2024-06-19T09:38:21Z" duration-ms="281">
    <groups>
    </groups>
    <test started-at="2024-06-19T09:38:21Z" name="Test" finished-at="2024-06-19T09:38:21Z" duration-ms="281">
      <class name="Parameter.Depends_on_method">
        <test-method signature="openBrowser()[pri:0, instance:Parameter.Depends_on_method@457c9034]" started-at="2024-06-19T15:08:21Z" name="openBrowser" finished-at="2024-06-19T15:08:21Z" duration-ms="123" status="PASS">
          <reporter-output>
          </reporter-output>
        </test-method> <!-- openBrowser -->
        <test-method signature="SignIn()[pri:0, instance:Parameter.Depends_on_method@457c9034]" started-at="2024-06-19T15:08:21Z" name="SignIn" finished-at="2024-06-19T15:08:21Z" depends-on-methods="Parameter.Depends_on_method.openBrowser" duration-ms="9" status="PASS">
          <reporter-output>
          </reporter-output>
        </test-method> <!-- SignIn -->
        <test-method signature="LogOut()[pri:0, instance:Parameter.Depends_on_method@457c9034]" started-at="2024-06-19T15:08:21Z" name="LogOut" finished-at="2024-06-19T15:08:21Z" depends-on-methods="Parameter.Depends_on_method.SignIn" duration-ms="27" status="PASS">
          <reporter-output>
          </reporter-output>
        </test-method> <!-- LogOut -->
      </class> <!-- Parameter.Depends_on_method -->
    </test> <!-- Test -->
  </suite> <!-- Suite -->
</testng-results>
