<?xml version="1.0" encoding="UTF-8"?>
<!-- Generated by org.testng.reporters.JUnitXMLReporter -->
<testsuite hostname="shivanipanzade" failures="0" tests="5" name="Medium" time="0.152" errors="0" timestamp="19 Jun 2024 08:31:17 GMT">
  <testcase classname="Parameter.Groups" name="click_search" time="0.024"/>
  <testcase classname="Parameter.Groups" name="find_element" time="0.011"/>
  <testcase classname="Parameter.Groups" name="hiturl" time="0.01"/>
  <testcase classname="Parameter.Groups" name="launched_browser" time="0.006"/>
  <testcase classname="Parameter.Groups" name="search" time="0.026"/>
</testsuite> <!-- Medium -->
