<?xml version="1.0" encoding="UTF-8"?>
<!-- Generated by org.testng.reporters.JUnitXMLReporter -->
<testsuite hostname="shivanipanzade" failures="0" tests="3" name="Test" time="0.281" errors="0" timestamp="19 Jun 2024 09:38:21 GMT">
  <testcase classname="Parameter.Depends_on_method" name="openBrowser" time="0.123"/>
  <testcase classname="Parameter.Depends_on_method" name="SignIn" time="0.009"/>
  <testcase classname="Parameter.Depends_on_method" name="LogOut" time="0.027"/>
</testsuite> <!-- Test -->
